FILE_TYPE=LIBRARY_PARTS;
PRIMITIVE 'JE2835AWT_00_0000_000A0UF827E','JE2835AWT_00_0000_000A0UF827E_Other';
  PIN
    'CATHODE':
      PIN_NUMBER='(1)';
      NO_LOAD_CHECK=BOTH;
      NO_IO_CHECK=BOTH;
      ALLOW_CONNECT=TRUE;
      PINUSE='UNSPEC';
    'ANODE_1':
      PIN_NUMBER='(2)';
      NO_LOAD_CHECK=BOTH;
      NO_IO_CHECK=BOTH;
      ALLOW_CONNECT=TRUE;
      PINUSE='UNSPEC';
    'ANODE_2':
      PIN_NUMBER='(3)';
      NO_LOAD_CHECK=BOTH;
      NO_IO_CHECK=BOTH;
      ALLOW_CONNECT=TRUE;
      PINUSE='UNSPEC';
  END_PIN;
  BODY
    PART_NAME='JE2835AWT_00_0000_000A0UF827E';
    PHYS_DES_PREFIX='LED';
    NO_LOAD_CHECK='TRUE';
    PIN_COUNT='3';
    BODY_NAME='JE2835AWT_00_0000_000A0UF827E';
    JEDEC_TYPE='JE2835AWT000000000A0UF827E';
  END_BODY;
END_PRIMITIVE;
END.
